[INFO] Scanning for projects...
[INFO] 
[INFO] ----------------------< com.hackathon:otj-logger >----------------------
[INFO] Building otj-logger 0.0.1-SNAPSHOT
[INFO]   from pom.xml
[INFO] --------------------------------[ jar ]---------------------------------
[INFO] 
[INFO] >>> spring-boot:4.0.2:run (default-cli) > test-compile @ otj-logger >>>
[INFO] 
[INFO] --- resources:3.3.1:resources (default-resources) @ otj-logger ---
[INFO] Copying 1 resource from src/main/resources to target/classes
[INFO] Copying 0 resource from src/main/resources to target/classes
[INFO] 
[INFO] --- compiler:3.11.0:compile (default-compile) @ otj-logger ---
[INFO] Changes detected - recompiling the module! :source
[INFO] Compiling 31 source files with javac [debug release 17] to target/classes
[INFO] -------------------------------------------------------------
[ERROR] COMPILATION ERROR : 
[INFO] -------------------------------------------------------------
[ERROR] /Users/yara.wehmuthsoler/Documents/Apprenticeship/Winter-hackathon/winter-hackathon-back-end/otj-logger/src/main/java/com/hackathon/otj_logger/controller/TimesheetController.java:[87,18] incompatible types: org.springframework.http.ResponseEntity<capture#1 of ? extends java.lang.Object> cannot be converted to org.springframework.http.ResponseEntity<com.hackathon.otj_logger.dto.TimesheetDTO>
[INFO] 1 error
[INFO] -------------------------------------------------------------
[INFO] ------------------------------------------------------------------------
[INFO] BUILD FAILURE
[INFO] ------------------------------------------------------------------------
[INFO] Total time:  20.182 s
[INFO] Finished at: 2026-01-27T18:43:19Z
[INFO] ------------------------------------------------------------------------
[ERROR] Failed to execute goal org.apache.maven.plugins:maven-compiler-plugin:3.11.0:compile (default-compile) on project otj-logger: Compilation failure
[ERROR] /Users/yara.wehmuthsoler/Documents/Apprenticeship/Winter-hackathon/winter-hackathon-back-end/otj-logger/src/main/java/com/hackathon/otj_logger/controller/TimesheetController.java:[87,18] incompatible types: org.springframework.http.ResponseEntity<capture#1 of ? extends java.lang.Object> cannot be converted to org.springframework.http.ResponseEntity<com.hackathon.otj_logger.dto.TimesheetDTO>
[ERROR] 
[ERROR] -> [Help 1]
[ERROR] 
[ERROR] To see the full stack trace of the errors, re-run Maven with the -e switch.
[ERROR] Re-run Maven using the -X switch to enable full debug logging.
[ERROR] 
[ERROR] For more information about the errors and possible solutions, please read the following articles:
[ERROR] [Help 1] http://cwiki.apache.org/confluence/display/MAVEN/MojoFailureException
